Trial 97 finished with value: -44710.67875716212 and parameters: {'tau': 0.026795947442167893, 'policy_noise': 0.0003283334653557134, 'noise_clip': 0.006377559297285071, 'policy_freq': 27, 'expl_noise': 0.023570356330279287}. Best is trial 78 with value: -99983.23787863964.
[I 2024-03-21 00:26:16,242] Trial 98 finished with value: -44710.67875716212 and parameters: {'tau': 0.02736934317103836, 'policy_noise': 0.00036785608612988204, 'noise_clip': 0.0010398929192300692, 'policy_freq': 7, 'expl_noise': 0.057467580586212305}. Best is trial 78 with value: -99983.23787863964.
Trial 98 finished with value: -44710.67875716212 and parameters: {'tau': 0.02736934317103836, 'policy_noise': 0.00036785608612988204, 'noise_clip': 0.0010398929192300692, 'policy_freq': 7, 'expl_noise': 0.057467580586212305}. Best is trial 78 with value: -99983.23787863964.
